2025-09-23 16:32:08,008 - INFO - Succesfully read the YAML file
2025-09-23 16:32:08,008 - INFO - Data Ingestion Started....
2025-09-23 16:32:08,008 - INFO - Starting Data Ingestion Process....
2025-09-23 16:32:19,940 - ERROR - Error while downloading data from GCP
2025-09-23 16:32:19,940 - ERROR - CustomException : Error in D:\MLops\MLOps Project 2\src\data_ingestion.py , line 24 : Failed to download data
2025-09-23 16:32:19,940 - INFO - Data Ingestion DONE...
2025-09-23 16:34:15,604 - INFO - Succesfully read the YAML file
2025-09-23 16:34:15,604 - INFO - Data Ingestion Started....
2025-09-23 16:34:15,604 - INFO - Starting Data Ingestion Process....
2025-09-23 16:34:27,742 - ERROR - Error while downloading data from GCP
2025-09-23 16:34:27,750 - ERROR - CustomException : Error in D:\MLops\MLOps Project 2\src\data_ingestion.py , line 24 : Failed to download data
2025-09-23 16:34:27,750 - INFO - Data Ingestion DONE...
2025-09-23 16:50:40,488 - INFO - Succesfully read the YAML file
2025-09-23 16:50:40,489 - INFO - Data Ingestion Started....
2025-09-23 16:50:40,489 - INFO - Starting Data Ingestion Process....
2025-09-23 16:50:42,461 - INFO - Downloading Smaller Files ie anime and anime_with synopsis
2025-09-23 16:50:43,833 - INFO - Downloading Smaller Files ie anime and anime_with synopsis
2025-09-23 16:51:38,363 - INFO - Large file detected Only downloading 5M rows
2025-09-23 16:51:38,368 - INFO - Data Ingestion Completed...
2025-09-23 16:51:38,368 - INFO - Data Ingestion DONE...
